<?xml version="1.0" encoding="UTF-8"?>
<!-- Generated by org.testng.reporters.JUnitXMLReporter -->
<testsuite ignored="0" hostname="MKOKANE10A" failures="0" tests="8" name="Default test" time="144.594" errors="0" timestamp="2024-08-15T19:59:51 IST">
  <testcase classname="com.prjct.qa.testcases.HomepageTest" name="clickVerifyFavoritesPageLable" time="18.04"/>
  <testcase classname="com.prjct.qa.testcases.HomepageTest" name="verifyInboundPageLable" time="13.931"/>
  <testcase classname="com.prjct.qa.testcases.HomepageTest" name="verifyInventoryMaintainancePageLable" time="10.47"/>
  <testcase classname="com.prjct.qa.testcases.HomepageTest" name="verifyOutboundPageLable" time="18.34"/>
  <testcase classname="com.prjct.qa.testcases.HomepageTest" name="verifySelfserviceReportingPageLable" time="11.156"/>
  <testcase classname="com.prjct.qa.testcases.HomepageTest" name="verifyUsersandGroupsPageLable" time="13.267"/>
  <testcase classname="com.prjct.qa.testcases.HomepageTest" name="verifyUtilitiesPageLable" time="12.951"/>
  <testcase classname="com.prjct.qa.testcases.HomepageTest" name="verifytitlepageTest" time="0.019"/>
</testsuite> <!-- Default test -->
