<?xml version="1.0" encoding="UTF-8"?>
<!-- Generated by org.testng.reporters.JUnitXMLReporter -->
<testsuite ignored="0" hostname="MKOKANE10A" failures="0" tests="10" name="Test" time="152.513" errors="0" timestamp="2024-08-15T20:02:51 IST">
  <testcase classname="com.prjct.qa.testcases.LoginpageTest" name="loginTest" time="0.381"/>
  <testcase classname="com.prjct.qa.testcases.LoginpageTest" name="loginpagetitletest" time="0.011"/>
  <testcase classname="com.prjct.qa.testcases.HomepageTest" name="clickVerifyFavoritesPageLable" time="15.184"/>
  <testcase classname="com.prjct.qa.testcases.HomepageTest" name="verifyInboundPageLable" time="21.5"/>
  <testcase classname="com.prjct.qa.testcases.HomepageTest" name="verifyInventoryMaintainancePageLable" time="10.328"/>
  <testcase classname="com.prjct.qa.testcases.HomepageTest" name="verifyOutboundPageLable" time="11.91"/>
  <testcase classname="com.prjct.qa.testcases.HomepageTest" name="verifySelfserviceReportingPageLable" time="10.799"/>
  <testcase classname="com.prjct.qa.testcases.HomepageTest" name="verifyUsersandGroupsPageLable" time="9.86"/>
  <testcase classname="com.prjct.qa.testcases.HomepageTest" name="verifyUtilitiesPageLable" time="9.913"/>
  <testcase classname="com.prjct.qa.testcases.HomepageTest" name="verifytitlepageTest" time="0.052"/>
</testsuite> <!-- Test -->
