<?xml version="1.0" encoding="UTF-8"?>
<testng-results ignored="0" total="10" passed="10" failed="0" skipped="0">
  <reporter-output>
  </reporter-output>
  <suite started-at="2024-08-15T20:03:32 IST" name="Suite" finished-at="2024-08-15T20:05:46 IST" duration-ms="133405">
    <groups>
    </groups>
    <test started-at="2024-08-15T20:03:32 IST" name="Test" finished-at="2024-08-15T20:05:46 IST" duration-ms="133405">
      <class name="com.prjct.qa.testcases.LoginpageTest">
        <test-method is-config="true" signature="setup()[pri:0, instance:com.prjct.qa.testcases.LoginpageTest@5f058f00]" started-at="2024-08-15T20:03:32 IST" name="setup" finished-at="2024-08-15T20:03:37 IST" duration-ms="4775" status="PASS">
          <reporter-output>
          </reporter-output>
        </test-method> <!-- setup -->
        <test-method signature="loginTest()[pri:0, instance:com.prjct.qa.testcases.LoginpageTest@5f058f00]" started-at="2024-08-15T20:03:37 IST" name="loginTest" finished-at="2024-08-15T20:03:37 IST" duration-ms="406" status="PASS">
          <reporter-output>
          </reporter-output>
        </test-method> <!-- loginTest -->
        <test-method is-config="true" signature="teardown()[pri:0, instance:com.prjct.qa.testcases.LoginpageTest@5f058f00]" started-at="2024-08-15T20:03:37 IST" name="teardown" finished-at="2024-08-15T20:03:38 IST" duration-ms="198" status="PASS">
          <reporter-output>
          </reporter-output>
        </test-method> <!-- teardown -->
        <test-method is-config="true" signature="setup()[pri:0, instance:com.prjct.qa.testcases.LoginpageTest@5f058f00]" started-at="2024-08-15T20:03:38 IST" name="setup" finished-at="2024-08-15T20:03:45 IST" duration-ms="7671" status="PASS">
          <reporter-output>
          </reporter-output>
        </test-method> <!-- setup -->
        <test-method signature="loginpagetitletest()[pri:0, instance:com.prjct.qa.testcases.LoginpageTest@5f058f00]" started-at="2024-08-15T20:03:45 IST" name="loginpagetitletest" finished-at="2024-08-15T20:03:45 IST" duration-ms="9" status="PASS">
          <reporter-output>
          </reporter-output>
        </test-method> <!-- loginpagetitletest -->
        <test-method is-config="true" signature="teardown()[pri:0, instance:com.prjct.qa.testcases.LoginpageTest@5f058f00]" started-at="2024-08-15T20:03:45 IST" name="teardown" finished-at="2024-08-15T20:03:45 IST" duration-ms="120" status="PASS">
          <reporter-output>
          </reporter-output>
        </test-method> <!-- teardown -->
      </class> <!-- com.prjct.qa.testcases.LoginpageTest -->
      <class name="com.prjct.qa.testcases.HomepageTest">
        <test-method is-config="true" signature="setup()[pri:0, instance:com.prjct.qa.testcases.HomepageTest@59309333]" started-at="2024-08-15T20:03:45 IST" name="setup" finished-at="2024-08-15T20:03:51 IST" duration-ms="5295" status="PASS">
          <reporter-output>
          </reporter-output>
        </test-method> <!-- setup -->
        <test-method signature="clickVerifyFavoritesPageLable()[pri:0, instance:com.prjct.qa.testcases.HomepageTest@59309333]" started-at="2024-08-15T20:03:51 IST" name="clickVerifyFavoritesPageLable" finished-at="2024-08-15T20:04:02 IST" duration-ms="10964" status="PASS">
          <reporter-output>
          </reporter-output>
        </test-method> <!-- clickVerifyFavoritesPageLable -->
        <test-method is-config="true" signature="teardown()[pri:0, instance:com.prjct.qa.testcases.HomepageTest@59309333]" started-at="2024-08-15T20:04:02 IST" name="teardown" finished-at="2024-08-15T20:04:02 IST" duration-ms="127" status="PASS">
          <reporter-output>
          </reporter-output>
        </test-method> <!-- teardown -->
        <test-method is-config="true" signature="setup()[pri:0, instance:com.prjct.qa.testcases.HomepageTest@59309333]" started-at="2024-08-15T20:04:02 IST" name="setup" finished-at="2024-08-15T20:04:06 IST" duration-ms="4704" status="PASS">
          <reporter-output>
          </reporter-output>
        </test-method> <!-- setup -->
        <test-method signature="verifyInboundPageLable()[pri:0, instance:com.prjct.qa.testcases.HomepageTest@59309333]" started-at="2024-08-15T20:04:06 IST" name="verifyInboundPageLable" finished-at="2024-08-15T20:04:16 IST" duration-ms="9775" status="PASS">
          <reporter-output>
          </reporter-output>
        </test-method> <!-- verifyInboundPageLable -->
        <test-method is-config="true" signature="teardown()[pri:0, instance:com.prjct.qa.testcases.HomepageTest@59309333]" started-at="2024-08-15T20:04:16 IST" name="teardown" finished-at="2024-08-15T20:04:16 IST" duration-ms="127" status="PASS">
          <reporter-output>
          </reporter-output>
        </test-method> <!-- teardown -->
        <test-method is-config="true" signature="setup()[pri:0, instance:com.prjct.qa.testcases.HomepageTest@59309333]" started-at="2024-08-15T20:04:16 IST" name="setup" finished-at="2024-08-15T20:04:21 IST" duration-ms="4957" status="PASS">
          <reporter-output>
          </reporter-output>
        </test-method> <!-- setup -->
        <test-method signature="verifyInventoryMaintainancePageLable()[pri:0, instance:com.prjct.qa.testcases.HomepageTest@59309333]" started-at="2024-08-15T20:04:21 IST" name="verifyInventoryMaintainancePageLable" finished-at="2024-08-15T20:04:32 IST" duration-ms="10710" status="PASS">
          <reporter-output>
          </reporter-output>
        </test-method> <!-- verifyInventoryMaintainancePageLable -->
        <test-method is-config="true" signature="teardown()[pri:0, instance:com.prjct.qa.testcases.HomepageTest@59309333]" started-at="2024-08-15T20:04:32 IST" name="teardown" finished-at="2024-08-15T20:04:32 IST" duration-ms="155" status="PASS">
          <reporter-output>
          </reporter-output>
        </test-method> <!-- teardown -->
        <test-method is-config="true" signature="setup()[pri:0, instance:com.prjct.qa.testcases.HomepageTest@59309333]" started-at="2024-08-15T20:04:32 IST" name="setup" finished-at="2024-08-15T20:04:37 IST" duration-ms="4762" status="PASS">
          <reporter-output>
          </reporter-output>
        </test-method> <!-- setup -->
        <test-method signature="verifyOutboundPageLable()[pri:0, instance:com.prjct.qa.testcases.HomepageTest@59309333]" started-at="2024-08-15T20:04:37 IST" name="verifyOutboundPageLable" finished-at="2024-08-15T20:04:47 IST" duration-ms="9798" status="PASS">
          <reporter-output>
          </reporter-output>
        </test-method> <!-- verifyOutboundPageLable -->
        <test-method is-config="true" signature="teardown()[pri:0, instance:com.prjct.qa.testcases.HomepageTest@59309333]" started-at="2024-08-15T20:04:47 IST" name="teardown" finished-at="2024-08-15T20:04:47 IST" duration-ms="164" status="PASS">
          <reporter-output>
          </reporter-output>
        </test-method> <!-- teardown -->
        <test-method is-config="true" signature="setup()[pri:0, instance:com.prjct.qa.testcases.HomepageTest@59309333]" started-at="2024-08-15T20:04:47 IST" name="setup" finished-at="2024-08-15T20:04:53 IST" duration-ms="5789" status="PASS">
          <reporter-output>
          </reporter-output>
        </test-method> <!-- setup -->
        <test-method signature="verifySelfserviceReportingPageLable()[pri:0, instance:com.prjct.qa.testcases.HomepageTest@59309333]" started-at="2024-08-15T20:04:53 IST" name="verifySelfserviceReportingPageLable" finished-at="2024-08-15T20:05:09 IST" duration-ms="15951" status="PASS">
          <reporter-output>
          </reporter-output>
        </test-method> <!-- verifySelfserviceReportingPageLable -->
        <test-method is-config="true" signature="teardown()[pri:0, instance:com.prjct.qa.testcases.HomepageTest@59309333]" started-at="2024-08-15T20:05:09 IST" name="teardown" finished-at="2024-08-15T20:05:09 IST" duration-ms="155" status="PASS">
          <reporter-output>
          </reporter-output>
        </test-method> <!-- teardown -->
        <test-method is-config="true" signature="setup()[pri:0, instance:com.prjct.qa.testcases.HomepageTest@59309333]" started-at="2024-08-15T20:05:09 IST" name="setup" finished-at="2024-08-15T20:05:14 IST" duration-ms="5617" status="PASS">
          <reporter-output>
          </reporter-output>
        </test-method> <!-- setup -->
        <test-method signature="verifyUsersandGroupsPageLable()[pri:0, instance:com.prjct.qa.testcases.HomepageTest@59309333]" started-at="2024-08-15T20:05:14 IST" name="verifyUsersandGroupsPageLable" finished-at="2024-08-15T20:05:24 IST" duration-ms="9950" status="PASS">
          <reporter-output>
          </reporter-output>
        </test-method> <!-- verifyUsersandGroupsPageLable -->
        <test-method is-config="true" signature="teardown()[pri:0, instance:com.prjct.qa.testcases.HomepageTest@59309333]" started-at="2024-08-15T20:05:24 IST" name="teardown" finished-at="2024-08-15T20:05:24 IST" duration-ms="140" status="PASS">
          <reporter-output>
          </reporter-output>
        </test-method> <!-- teardown -->
        <test-method is-config="true" signature="setup()[pri:0, instance:com.prjct.qa.testcases.HomepageTest@59309333]" started-at="2024-08-15T20:05:24 IST" name="setup" finished-at="2024-08-15T20:05:30 IST" duration-ms="5271" status="PASS">
          <reporter-output>
          </reporter-output>
        </test-method> <!-- setup -->
        <test-method signature="verifyUtilitiesPageLable()[pri:0, instance:com.prjct.qa.testcases.HomepageTest@59309333]" started-at="2024-08-15T20:05:30 IST" name="verifyUtilitiesPageLable" finished-at="2024-08-15T20:05:40 IST" duration-ms="9791" status="PASS">
          <reporter-output>
          </reporter-output>
        </test-method> <!-- verifyUtilitiesPageLable -->
        <test-method is-config="true" signature="teardown()[pri:0, instance:com.prjct.qa.testcases.HomepageTest@59309333]" started-at="2024-08-15T20:05:40 IST" name="teardown" finished-at="2024-08-15T20:05:40 IST" duration-ms="125" status="PASS">
          <reporter-output>
          </reporter-output>
        </test-method> <!-- teardown -->
        <test-method is-config="true" signature="setup()[pri:0, instance:com.prjct.qa.testcases.HomepageTest@59309333]" started-at="2024-08-15T20:05:40 IST" name="setup" finished-at="2024-08-15T20:05:45 IST" duration-ms="5685" status="PASS">
          <reporter-output>
          </reporter-output>
        </test-method> <!-- setup -->
        <test-method signature="verifytitlepageTest()[pri:0, instance:com.prjct.qa.testcases.HomepageTest@59309333]" started-at="2024-08-15T20:05:45 IST" name="verifytitlepageTest" finished-at="2024-08-15T20:05:45 IST" duration-ms="15" status="PASS">
          <reporter-output>
          </reporter-output>
        </test-method> <!-- verifytitlepageTest -->
        <test-method is-config="true" signature="teardown()[pri:0, instance:com.prjct.qa.testcases.HomepageTest@59309333]" started-at="2024-08-15T20:05:45 IST" name="teardown" finished-at="2024-08-15T20:05:46 IST" duration-ms="159" status="PASS">
          <reporter-output>
          </reporter-output>
        </test-method> <!-- teardown -->
      </class> <!-- com.prjct.qa.testcases.HomepageTest -->
    </test> <!-- Test -->
  </suite> <!-- Suite -->
</testng-results>
